2024-02-16 14:37:16,696 INFO START
2024-02-16 14:37:16,696 INFO config=E:\Projects\SUBO_1375\generator_ods.yaml
2024-02-16 14:37:16,696 INFO log_file=E:\GitHub\ceh-rdv-generator\core\generator.log
2024-02-16 14:37:16,696 INFO templates_path="E:\GitHub\ceh-rdv-generator\templates.ods"
2024-02-16 14:37:25,130 INFO Формирование файлов описания потоков ...
2024-02-16 14:37:25,130 INFO file_path: E:\Projects\SUBO_1375\Маппинг_ЦЕХ_RDV_OBLIGATION_MSCL_v1.0_.xlsx
2024-02-16 14:37:25,130 INFO out_path: E:\Projects\SUBO_1375\xxx
2024-02-16 14:37:25,130 INFO load_mode: increment
2024-02-16 14:37:25,131 INFO author: Alexey Blagov
2024-02-16 14:37:25,131 INFO Чтение данных из файла "E:\Projects\SUBO_1375\Маппинг_ЦЕХ_RDV_OBLIGATION_MSCL_v1.0_.xlsx"
2024-02-16 14:37:25,895 INFO >>>>> Begin >>>>>
2024-02-16 14:37:25,895 INFO 0 rdv.mart_obligation_mscl
2024-02-16 14:37:25,903 INFO src_table = mscl_soh.h2_obligation
2024-02-16 14:37:25,906 INFO src_cd = MSCL
2024-02-16 14:37:25,906 INFO flow_name = wf_app_mscl_ods_rdv_obligation
2024-02-16 14:37:25,906 INFO source_name = ODS
2024-02-16 14:37:25,906 INFO algorithm_uid = 20.MSCL.CKB3.1
2024-02-16 14:37:25,909 WARNING Типы данных источника полей и целевой таблицы различаются
2024-02-16 14:37:25,909 WARNING Проверьте корректность заполнения атрибутов
2024-02-16 14:37:25,918 WARNING        src_attr src_attr_datatype tgt_attribute tgt_attr_datatype
2024-02-16 14:37:25,918 WARNING 42  pdn_payment           decimal   pdn_payment              text
2024-02-16 14:37:25,929 INFO Каталог потока app_mscl_ods_rdv_obligation: E:\Projects\SUBO_1375\xxx\rdv.mart_obligation_mscl
2024-02-16 14:37:26,048 INFO Файлы потока app_mscl_ods_rdv_obligation сформированы
2024-02-16 14:37:26,048 INFO 
2024-02-16 14:37:28,357 INFO Файлы потоков сформированы с 'предупреждениями'
2024-02-16 14:37:41,613 INFO STOP
